-1.000000000000000000e+00
-9.919028340080972006e-01
-9.838056680161942902e-01
-9.757085020242914908e-01
-9.676113360323886914e-01
-9.595141700404857810e-01
-9.514170040485829816e-01
-9.433198380566801822e-01
-9.352226720647773828e-01
-9.271255060728744724e-01
-9.190283400809716730e-01
-9.109311740890688736e-01
-9.028340080971659631e-01
-8.947368421052631637e-01
-8.866396761133603643e-01
-8.785425101214574539e-01
-8.704453441295546545e-01
-8.623481781376518551e-01
-8.542510121457489447e-01
-8.461538461538461453e-01
-8.380566801619433459e-01
-8.299595141700404355e-01
-8.218623481781376361e-01
-8.137651821862348367e-01
-8.056680161943320373e-01
-7.975708502024291269e-01
-7.894736842105263275e-01
-7.813765182186234171e-01
-7.732793522267206177e-01
-7.651821862348178183e-01
-7.570850202429150189e-01
-7.489878542510121084e-01
-7.408906882591093090e-01
-7.327935222672065096e-01
-7.246963562753037102e-01
-7.165991902834007998e-01
-7.085020242914978894e-01
-7.004048582995952010e-01
-6.923076923076922906e-01
-6.842105263157894912e-01
-6.761133603238866918e-01
-6.680161943319837814e-01
-6.599190283400809820e-01
-6.518218623481781826e-01
-6.437246963562752722e-01
-6.356275303643724728e-01
-6.275303643724696734e-01
-6.194331983805667630e-01
-6.113360323886640746e-01
-6.032388663967611642e-01
-5.951417004048582537e-01
-5.870445344129554543e-01
-5.789473684210526550e-01
-5.708502024291497445e-01
-5.627530364372469451e-01
-5.546558704453441457e-01
-5.465587044534412353e-01
-5.384615384615385469e-01
-5.303643724696356365e-01
-5.222672064777327261e-01
-5.141700404858300377e-01
-5.060728744939271273e-01
-4.979757085020242169e-01
-4.898785425101214175e-01
-4.817813765182186181e-01
-4.736842105263158187e-01
-4.655870445344130193e-01
-4.574898785425101089e-01
-4.493927125506073095e-01
-4.412955465587045101e-01
-4.331983805668015997e-01
-4.251012145748988003e-01
-4.170040485829958898e-01
-4.089068825910930904e-01
-4.008097165991902910e-01
-3.927125506072874916e-01
-3.846153846153845812e-01
-3.765182186234817818e-01
-3.684210526315789824e-01
-3.603238866396761830e-01
-3.522267206477732726e-01
-3.441295546558704732e-01
-3.360323886639675628e-01
-3.279352226720647634e-01
-3.198380566801619640e-01
-3.117408906882591646e-01
-3.036437246963563652e-01
-2.955465587044533438e-01
-2.874493927125505444e-01
-2.793522267206477450e-01
-2.712550607287449456e-01
-2.631578947368421462e-01
-2.550607287449392357e-01
-2.469635627530364363e-01
-2.388663967611336370e-01
-2.307692307692308376e-01
-2.226720647773280382e-01
-2.145748987854250167e-01
-2.064777327935222173e-01
-1.983805668016194179e-01
-1.902834008097166185e-01
-1.821862348178138191e-01
-1.740890688259109087e-01
-1.659919028340081093e-01
-1.578947368421053099e-01
-1.497975708502025105e-01
-1.417004048582994891e-01
-1.336032388663966897e-01
-1.255060728744938903e-01
-1.174089068825910909e-01
-1.093117408906882915e-01
-1.012145748987854921e-01
-9.311740890688258165e-02
-8.502024291497978226e-02
-7.692307692307698286e-02
-6.882591093117407244e-02
-6.072874493927116202e-02
-5.263157894736836262e-02
-4.453441295546556322e-02
-3.643724696356276382e-02
-2.834008097165996443e-02
-2.024291497975716503e-02
-1.214574898785425461e-02
-4.048582995951455210e-03
4.048582995951566232e-03
1.214574898785425461e-02
2.024291497975716503e-02
2.834008097165985340e-02
3.643724696356276382e-02
4.453441295546567424e-02
5.263157894736836262e-02
6.072874493927127304e-02
6.882591093117396142e-02
7.692307692307709388e-02
8.502024291497978226e-02
9.311740890688269268e-02
1.012145748987853811e-01
1.093117408906882915e-01
1.174089068825909798e-01
1.255060728744938903e-01
1.336032388663968007e-01
1.417004048582994891e-01
1.497975708502023995e-01
1.578947368421053099e-01
1.659919028340082203e-01
1.740890688259109087e-01
1.821862348178138191e-01
1.902834008097165075e-01
1.983805668016194179e-01
2.064777327935223283e-01
2.145748987854250167e-01
2.226720647773279271e-01
2.307692307692308376e-01
2.388663967611337480e-01
2.469635627530364363e-01
2.550607287449393468e-01
2.631578947368420351e-01
2.712550607287449456e-01
2.793522267206476339e-01
2.874493927125505444e-01
2.955465587044534548e-01
3.036437246963563652e-01
3.117408906882590536e-01
3.198380566801619640e-01
3.279352226720648744e-01
3.360323886639675628e-01
3.441295546558704732e-01
3.522267206477731616e-01
3.603238866396760720e-01
3.684210526315789824e-01
3.765182186234816708e-01
3.846153846153845812e-01
3.927125506072872696e-01
4.008097165991904021e-01
4.089068825910933125e-01
4.170040485829960009e-01
4.251012145748989113e-01
4.331983805668015997e-01
4.412955465587045101e-01
4.493927125506071985e-01
4.574898785425101089e-01
4.655870445344127972e-01
4.736842105263157077e-01
4.817813765182188401e-01
4.898785425101215285e-01
4.979757085020244389e-01
5.060728744939271273e-01
5.141700404858300377e-01
5.222672064777327261e-01
5.303643724696356365e-01
5.384615384615383249e-01
5.465587044534412353e-01
5.546558704453439237e-01
5.627530364372470562e-01
5.708502024291499666e-01
5.789473684210526550e-01
5.870445344129555654e-01
5.951417004048582537e-01
6.032388663967611642e-01
6.113360323886638525e-01
6.194331983805667630e-01
6.275303643724694513e-01
6.356275303643723618e-01
6.437246963562754942e-01
6.518218623481781826e-01
6.599190283400810930e-01
6.680161943319837814e-01
6.761133603238866918e-01
6.842105263157893802e-01
6.923076923076922906e-01
7.004048582995949790e-01
7.085020242914978894e-01
7.165991902834010219e-01
7.246963562753037102e-01
7.327935222672066207e-01
7.408906882591093090e-01
7.489878542510122195e-01
7.570850202429149078e-01
7.651821862348178183e-01
7.732793522267205066e-01
7.813765182186234171e-01
7.894736842105265495e-01
7.975708502024290159e-01
8.056680161943321483e-01
8.137651821862348367e-01
8.218623481781377471e-01
8.299595141700404355e-01
8.380566801619433459e-01
8.461538461538460343e-01
8.542510121457489447e-01
8.623481781376518551e-01
8.704453441295545435e-01
8.785425101214576760e-01
8.866396761133601423e-01
8.947368421052632748e-01
9.028340080971659631e-01
9.109311740890688736e-01
9.190283400809715619e-01
9.271255060728744724e-01
9.352226720647773828e-01
9.433198380566800711e-01
9.514170040485832036e-01
9.595141700404856699e-01
9.676113360323888024e-01
9.757085020242914908e-01
9.838056680161944012e-01
9.919028340080970896e-01
1.000000000000000000e+00
